<?xml version="1.0" encoding="UTF-8"?>
<testng-results skipped="0" failed="1" total="6" passed="5">
  <reporter-output>
  </reporter-output>
  <suite name="API Demo Tests" duration-ms="53322" started-at="2017-04-20T20:37:24Z" finished-at="2017-04-20T20:38:17Z">
    <groups>
    </groups>
    <test name="basics" duration-ms="53322" started-at="2017-04-20T20:37:24Z" finished-at="2017-04-20T20:38:17Z">
      <class name="com.appium.sample.apidemo.tests.APIDemoTests">
        <test-method status="PASS" signature="BeforeSuite()[pri:0, instance:com.appium.sample.apidemo.tests.APIDemoTests@46d56d67]" name="BeforeSuite" is-config="true" duration-ms="335" started-at="2017-04-20T13:37:23Z" finished-at="2017-04-20T13:37:24Z">
          <reporter-output>
          </reporter-output>
        </test-method> <!-- BeforeSuite -->
        <test-method status="PASS" signature="setUp()[pri:0, instance:com.appium.sample.apidemo.tests.APIDemoTests@46d56d67]" name="setUp" is-config="true" duration-ms="7381" started-at="2017-04-20T13:37:24Z" finished-at="2017-04-20T13:37:31Z">
          <reporter-output>
          </reporter-output>
        </test-method> <!-- setUp -->
        <test-method status="PASS" signature="testAccessibilitySettingsUsingDataProvider(java.lang.String, java.lang.String)[pri:0, instance:com.appium.sample.apidemo.tests.APIDemoTests@46d56d67]" name="testAccessibilitySettingsUsingDataProvider" duration-ms="11933" started-at="2017-04-20T13:37:31Z" data-provider="testDataForAccessibilitySettings" finished-at="2017-04-20T13:37:43Z">
          <params>
            <param index="0">
              <value>
                <![CDATA[Captions]]>
              </value>
            </param>
            <param index="1">
              <value>
                <![CDATA[Off]]>
              </value>
            </param>
          </params>
          <reporter-output>
          </reporter-output>
        </test-method> <!-- testAccessibilitySettingsUsingDataProvider -->
        <test-method status="PASS" signature="testAccessibilitySettingsUsingDataProvider(java.lang.String, java.lang.String)[pri:0, instance:com.appium.sample.apidemo.tests.APIDemoTests@46d56d67]" name="testAccessibilitySettingsUsingDataProvider" duration-ms="10054" started-at="2017-04-20T13:37:43Z" data-provider="testDataForAccessibilitySettings" finished-at="2017-04-20T13:37:53Z">
          <params>
            <param index="0">
              <value>
                <![CDATA[ClockBack]]>
              </value>
            </param>
            <param index="1">
              <value>
                <![CDATA[On]]>
              </value>
            </param>
          </params>
          <reporter-output>
          </reporter-output>
        </test-method> <!-- testAccessibilitySettingsUsingDataProvider -->
        <test-method status="PASS" signature="testAccessibilitySettingsUsingDataProvider(java.lang.String, java.lang.String)[pri:0, instance:com.appium.sample.apidemo.tests.APIDemoTests@46d56d67]" name="testAccessibilitySettingsUsingDataProvider" duration-ms="10548" started-at="2017-04-20T13:37:53Z" data-provider="testDataForAccessibilitySettings" finished-at="2017-04-20T13:38:04Z">
          <params>
            <param index="0">
              <value>
                <![CDATA[Magnification gestures]]>
              </value>
            </param>
            <param index="1">
              <value>
                <![CDATA[Off]]>
              </value>
            </param>
          </params>
          <reporter-output>
          </reporter-output>
        </test-method> <!-- testAccessibilitySettingsUsingDataProvider -->
        <test-method status="PASS" signature="testAccessibilitySettingsValueForTitle()[pri:0, instance:com.appium.sample.apidemo.tests.APIDemoTests@46d56d67]" name="testAccessibilitySettingsValueForTitle" duration-ms="10572" started-at="2017-04-20T13:38:04Z" finished-at="2017-04-20T13:38:14Z">
          <reporter-output>
          </reporter-output>
        </test-method> <!-- testAccessibilitySettingsValueForTitle -->
        <test-method status="FAIL" signature="testClickAccessibility()[pri:0, instance:com.appium.sample.apidemo.tests.APIDemoTests@46d56d67]" name="testClickAccessibility" duration-ms="0" started-at="2017-04-20T13:38:14Z" finished-at="2017-04-20T13:38:14Z">
          <exception class="java.lang.NullPointerException">
            <full-stacktrace>
              <![CDATA[java.lang.NullPointerException
	at com.appium.sample.apidemo.tests.APIDemoTests.testClickAccessibility(APIDemoTests.java:22)
	at sun.reflect.NativeMethodAccessorImpl.invoke0(Native Method)
	at sun.reflect.NativeMethodAccessorImpl.invoke(NativeMethodAccessorImpl.java:62)
	at sun.reflect.DelegatingMethodAccessorImpl.invoke(DelegatingMethodAccessorImpl.java:43)
	at java.lang.reflect.Method.invoke(Method.java:498)
	at org.testng.internal.MethodInvocationHelper.invokeMethod(MethodInvocationHelper.java:86)
	at org.testng.internal.Invoker.invokeMethod(Invoker.java:643)
	at org.testng.internal.Invoker.invokeTestMethod(Invoker.java:820)
	at org.testng.internal.Invoker.invokeTestMethods(Invoker.java:1128)
	at org.testng.internal.TestMethodWorker.invokeTestMethods(TestMethodWorker.java:129)
	at org.testng.internal.TestMethodWorker.run(TestMethodWorker.java:112)
	at org.testng.TestRunner.privateRun(TestRunner.java:782)
	at org.testng.TestRunner.run(TestRunner.java:632)
	at org.testng.SuiteRunner.runTest(SuiteRunner.java:366)
	at org.testng.SuiteRunner.runSequentially(SuiteRunner.java:361)
	at org.testng.SuiteRunner.privateRun(SuiteRunner.java:319)
	at org.testng.SuiteRunner.run(SuiteRunner.java:268)
	at org.testng.SuiteRunnerWorker.runSuite(SuiteRunnerWorker.java:52)
	at org.testng.SuiteRunnerWorker.run(SuiteRunnerWorker.java:86)
	at org.testng.TestNG.runSuitesSequentially(TestNG.java:1244)
	at org.testng.TestNG.runSuitesLocally(TestNG.java:1169)
	at org.testng.TestNG.run(TestNG.java:1064)
	at org.apache.maven.surefire.testng.TestNGExecutor.run(TestNGExecutor.java:178)
	at org.apache.maven.surefire.testng.TestNGXmlTestSuite.execute(TestNGXmlTestSuite.java:92)
	at org.apache.maven.surefire.testng.TestNGProvider.invoke(TestNGProvider.java:96)
	at sun.reflect.NativeMethodAccessorImpl.invoke0(Native Method)
	at sun.reflect.NativeMethodAccessorImpl.invoke(NativeMethodAccessorImpl.java:62)
	at sun.reflect.DelegatingMethodAccessorImpl.invoke(DelegatingMethodAccessorImpl.java:43)
	at java.lang.reflect.Method.invoke(Method.java:498)
	at org.apache.maven.surefire.util.ReflectionUtils.invokeMethodWithArray(ReflectionUtils.java:189)
	at org.apache.maven.surefire.booter.ProviderFactory$ProviderProxy.invoke(ProviderFactory.java:165)
	at org.apache.maven.surefire.booter.ProviderFactory.invokeProvider(ProviderFactory.java:85)
	at org.apache.maven.surefire.booter.ForkedBooter.runSuitesInProcess(ForkedBooter.java:115)
	at org.apache.maven.surefire.booter.ForkedBooter.main(ForkedBooter.java:75)
]]>
            </full-stacktrace>
          </exception> <!-- java.lang.NullPointerException -->
          <reporter-output>
          </reporter-output>
        </test-method> <!-- testClickAccessibility -->
        <test-method status="PASS" signature="testPageTitle()[pri:0, instance:com.appium.sample.apidemo.tests.APIDemoTests@46d56d67]" name="testPageTitle" duration-ms="130" started-at="2017-04-20T13:38:14Z" finished-at="2017-04-20T13:38:14Z">
          <reporter-output>
          </reporter-output>
        </test-method> <!-- testPageTitle -->
        <test-method status="PASS" signature="tearDown()[pri:0, instance:com.appium.sample.apidemo.tests.APIDemoTests@46d56d67]" name="tearDown" is-config="true" duration-ms="2678" started-at="2017-04-20T13:38:14Z" finished-at="2017-04-20T13:38:17Z">
          <reporter-output>
          </reporter-output>
        </test-method> <!-- tearDown -->
        <test-method status="FAIL" signature="AfterSuite()[pri:0, instance:com.appium.sample.apidemo.tests.APIDemoTests@46d56d67]" name="AfterSuite" is-config="true" duration-ms="0" started-at="2017-04-20T13:38:17Z" finished-at="2017-04-20T13:38:17Z">
          <exception class="java.lang.NullPointerException">
            <full-stacktrace>
              <![CDATA[java.lang.NullPointerException
	at com.appium.sample.apidemo.tests.BaseTest.AfterSuite(BaseTest.java:74)
	at sun.reflect.NativeMethodAccessorImpl.invoke0(Native Method)
	at sun.reflect.NativeMethodAccessorImpl.invoke(NativeMethodAccessorImpl.java:62)
	at sun.reflect.DelegatingMethodAccessorImpl.invoke(DelegatingMethodAccessorImpl.java:43)
	at java.lang.reflect.Method.invoke(Method.java:498)
	at org.testng.internal.MethodInvocationHelper.invokeMethod(MethodInvocationHelper.java:86)
	at org.testng.internal.Invoker.invokeConfigurationMethod(Invoker.java:514)
	at org.testng.internal.Invoker.invokeConfigurations(Invoker.java:215)
	at org.testng.internal.Invoker.invokeConfigurations(Invoker.java:142)
	at org.testng.SuiteRunner.privateRun(SuiteRunner.java:336)
	at org.testng.SuiteRunner.run(SuiteRunner.java:268)
	at org.testng.SuiteRunnerWorker.runSuite(SuiteRunnerWorker.java:52)
	at org.testng.SuiteRunnerWorker.run(SuiteRunnerWorker.java:86)
	at org.testng.TestNG.runSuitesSequentially(TestNG.java:1244)
	at org.testng.TestNG.runSuitesLocally(TestNG.java:1169)
	at org.testng.TestNG.run(TestNG.java:1064)
	at org.apache.maven.surefire.testng.TestNGExecutor.run(TestNGExecutor.java:178)
	at org.apache.maven.surefire.testng.TestNGXmlTestSuite.execute(TestNGXmlTestSuite.java:92)
	at org.apache.maven.surefire.testng.TestNGProvider.invoke(TestNGProvider.java:96)
	at sun.reflect.NativeMethodAccessorImpl.invoke0(Native Method)
	at sun.reflect.NativeMethodAccessorImpl.invoke(NativeMethodAccessorImpl.java:62)
	at sun.reflect.DelegatingMethodAccessorImpl.invoke(DelegatingMethodAccessorImpl.java:43)
	at java.lang.reflect.Method.invoke(Method.java:498)
	at org.apache.maven.surefire.util.ReflectionUtils.invokeMethodWithArray(ReflectionUtils.java:189)
	at org.apache.maven.surefire.booter.ProviderFactory$ProviderProxy.invoke(ProviderFactory.java:165)
	at org.apache.maven.surefire.booter.ProviderFactory.invokeProvider(ProviderFactory.java:85)
	at org.apache.maven.surefire.booter.ForkedBooter.runSuitesInProcess(ForkedBooter.java:115)
	at org.apache.maven.surefire.booter.ForkedBooter.main(ForkedBooter.java:75)
]]>
            </full-stacktrace>
          </exception> <!-- java.lang.NullPointerException -->
          <reporter-output>
          </reporter-output>
        </test-method> <!-- AfterSuite -->
      </class> <!-- com.appium.sample.apidemo.tests.APIDemoTests -->
    </test> <!-- basics -->
  </suite> <!-- API Demo Tests -->
</testng-results>
