<?xml version="1.0" encoding="UTF-8"?>
<testng-results skipped="0" failed="0" total="2" passed="2">
  <reporter-output>
  </reporter-output>
  <suite name="API Demo Tests" duration-ms="16114" started-at="2017-04-18T23:01:50Z" finished-at="2017-04-18T23:02:06Z">
    <groups>
    </groups>
    <test name="basics" duration-ms="16114" started-at="2017-04-18T23:01:50Z" finished-at="2017-04-18T23:02:06Z">
      <class name="com.appium.sample.apidemo.tests.APIDemoTests">
        <test-method status="PASS" signature="setUp()[pri:0, instance:com.appium.sample.apidemo.tests.APIDemoTests@29ee9faa]" name="setUp" is-config="true" duration-ms="6669" started-at="2017-04-18T16:01:50Z" finished-at="2017-04-18T16:01:57Z">
          <reporter-output>
          </reporter-output>
        </test-method> <!-- setUp -->
        <test-method status="PASS" signature="testClickAccessibility()[pri:0, instance:com.appium.sample.apidemo.tests.APIDemoTests@29ee9faa]" name="testClickAccessibility" duration-ms="6878" started-at="2017-04-18T16:01:57Z" finished-at="2017-04-18T16:02:04Z">
          <reporter-output>
          </reporter-output>
        </test-method> <!-- testClickAccessibility -->
        <test-method status="PASS" signature="testPageTitle()[pri:0, instance:com.appium.sample.apidemo.tests.APIDemoTests@29ee9faa]" name="testPageTitle" duration-ms="141" started-at="2017-04-18T16:02:04Z" finished-at="2017-04-18T16:02:04Z">
          <reporter-output>
          </reporter-output>
        </test-method> <!-- testPageTitle -->
        <test-method status="PASS" signature="tearDown()[pri:0, instance:com.appium.sample.apidemo.tests.APIDemoTests@29ee9faa]" name="tearDown" is-config="true" duration-ms="2401" started-at="2017-04-18T16:02:04Z" finished-at="2017-04-18T16:02:06Z">
          <reporter-output>
          </reporter-output>
        </test-method> <!-- tearDown -->
      </class> <!-- com.appium.sample.apidemo.tests.APIDemoTests -->
    </test> <!-- basics -->
  </suite> <!-- API Demo Tests -->
</testng-results>
