<?xml version="1.0" encoding="UTF-8" ?>
<testsuite tests="7" failures="2" name="TestSuite" time="46.114" errors="0" skipped="0">
  <properties>
[...]
</properties>
  <testcase classname="com.appium.sample.apidemo.tests.APIDemoTests" name="testAccessibilitySettingsUsingDataProvider" time="11.933"/>
  <testcase classname="com.appium.sample.apidemo.tests.APIDemoTests" name="testAccessibilitySettingsUsingDataProvider" time="10.051"/>
  <testcase classname="com.appium.sample.apidemo.tests.APIDemoTests" name="testAccessibilitySettingsUsingDataProvider" time="10.548"/>
  <testcase classname="com.appium.sample.apidemo.tests.APIDemoTests" name="testAccessibilitySettingsValueForTitle" time="10.573"/>
  <testcase classname="com.appium.sample.apidemo.tests.APIDemoTests" name="testClickAccessibility" time="0.004">
    <failure type="java.lang.NullPointerException">java.lang.NullPointerException
	at com.appium.sample.apidemo.tests.APIDemoTests.testClickAccessibility(APIDemoTests.java:22)
</failure>
  </testcase>
  <testcase classname="com.appium.sample.apidemo.tests.APIDemoTests" name="testPageTitle" time="0.129"/>
  <testcase classname="com.appium.sample.apidemo.tests.APIDemoTests" name="AfterSuite" time="2.876">
    <failure type="java.lang.NullPointerException">java.lang.NullPointerException
	at com.appium.sample.apidemo.tests.BaseTest.AfterSuite(BaseTest.java:74)
	at sun.reflect.NativeMethodAccessorImpl.invoke0(Native Method)
	at sun.reflect.NativeMethodAccessorImpl.invoke(NativeMethodAccessorImpl.java:62)
	at sun.reflect.DelegatingMethodAccessorImpl.invoke(DelegatingMethodAccessorImpl.java:43)
	at java.lang.reflect.Method.invoke(Method.java:498)
	at org.testng.internal.MethodInvocationHelper.invokeMethod(MethodInvocationHelper.java:86)
	at org.testng.internal.Invoker.invokeConfigurationMethod(Invoker.java:514)
	at org.testng.internal.Invoker.invokeConfigurations(Invoker.java:215)
	at org.testng.internal.Invoker.invokeConfigurations(Invoker.java:142)
	at org.testng.SuiteRunner.privateRun(SuiteRunner.java:336)
	at org.testng.SuiteRunner.run(SuiteRunner.java:268)
	at org.testng.SuiteRunnerWorker.runSuite(SuiteRunnerWorker.java:52)
	at org.testng.SuiteRunnerWorker.run(SuiteRunnerWorker.java:86)
	at org.testng.TestNG.runSuitesSequentially(TestNG.java:1244)
	at org.testng.TestNG.runSuitesLocally(TestNG.java:1169)
	at org.testng.TestNG.run(TestNG.java:1064)
	at org.apache.maven.surefire.testng.TestNGExecutor.run(TestNGExecutor.java:178)
	at org.apache.maven.surefire.testng.TestNGXmlTestSuite.execute(TestNGXmlTestSuite.java:92)
	at org.apache.maven.surefire.testng.TestNGProvider.invoke(TestNGProvider.java:96)
	at sun.reflect.NativeMethodAccessorImpl.invoke0(Native Method)
	at sun.reflect.NativeMethodAccessorImpl.invoke(NativeMethodAccessorImpl.java:62)
	at sun.reflect.DelegatingMethodAccessorImpl.invoke(DelegatingMethodAccessorImpl.java:43)
	at java.lang.reflect.Method.invoke(Method.java:498)
	at org.apache.maven.surefire.util.ReflectionUtils.invokeMethodWithArray(ReflectionUtils.java:189)
	at org.apache.maven.surefire.booter.ProviderFactory$ProviderProxy.invoke(ProviderFactory.java:165)
	at org.apache.maven.surefire.booter.ProviderFactory.invokeProvider(ProviderFactory.java:85)
	at org.apache.maven.surefire.booter.ForkedBooter.runSuitesInProcess(ForkedBooter.java:115)
	at org.apache.maven.surefire.booter.ForkedBooter.main(ForkedBooter.java:75)
</failure>
  </testcase>
</testsuite>