<?xml version="1.0" encoding="UTF-8"?>
<testng-results skipped="0" failed="0" total="6" passed="6">
  <reporter-output>
  </reporter-output>
  <suite name="Default suite" duration-ms="59200" started-at="2017-04-19T19:10:07Z" finished-at="2017-04-19T19:11:06Z">
    <groups>
    </groups>
    <test name="Default test" duration-ms="59200" started-at="2017-04-19T19:10:07Z" finished-at="2017-04-19T19:11:06Z">
      <class name="com.appium.sample.apidemo.tests.APIDemoTests">
        <test-method status="PASS" signature="setUp()[pri:0, instance:com.appium.sample.apidemo.tests.APIDemoTests@5ce81285]" name="setUp" is-config="true" duration-ms="6843" started-at="2017-04-19T12:10:07Z" finished-at="2017-04-19T12:10:14Z">
          <reporter-output>
          </reporter-output>
        </test-method> <!-- setUp -->
        <test-method status="PASS" signature="testAccessibilitySettingsUsingDataProvider(java.lang.String, java.lang.String)[pri:0, instance:com.appium.sample.apidemo.tests.APIDemoTests@5ce81285]" name="testAccessibilitySettingsUsingDataProvider" duration-ms="11672" started-at="2017-04-19T12:10:14Z" data-provider="testDataForAccessibilitySettings" finished-at="2017-04-19T12:10:25Z">
          <params>
            <param index="0">
              <value>
                <![CDATA[Captions]]>
              </value>
            </param>
            <param index="1">
              <value>
                <![CDATA[Off]]>
              </value>
            </param>
          </params>
          <reporter-output>
          </reporter-output>
        </test-method> <!-- testAccessibilitySettingsUsingDataProvider -->
        <test-method status="PASS" signature="testAccessibilitySettingsUsingDataProvider(java.lang.String, java.lang.String)[pri:0, instance:com.appium.sample.apidemo.tests.APIDemoTests@5ce81285]" name="testAccessibilitySettingsUsingDataProvider" duration-ms="10126" started-at="2017-04-19T12:10:25Z" data-provider="testDataForAccessibilitySettings" finished-at="2017-04-19T12:10:36Z">
          <params>
            <param index="0">
              <value>
                <![CDATA[ClockBack]]>
              </value>
            </param>
            <param index="1">
              <value>
                <![CDATA[On]]>
              </value>
            </param>
          </params>
          <reporter-output>
          </reporter-output>
        </test-method> <!-- testAccessibilitySettingsUsingDataProvider -->
        <test-method status="PASS" signature="testAccessibilitySettingsUsingDataProvider(java.lang.String, java.lang.String)[pri:0, instance:com.appium.sample.apidemo.tests.APIDemoTests@5ce81285]" name="testAccessibilitySettingsUsingDataProvider" duration-ms="10520" started-at="2017-04-19T12:10:36Z" data-provider="testDataForAccessibilitySettings" finished-at="2017-04-19T12:10:46Z">
          <params>
            <param index="0">
              <value>
                <![CDATA[Magnification gestures]]>
              </value>
            </param>
            <param index="1">
              <value>
                <![CDATA[Off]]>
              </value>
            </param>
          </params>
          <reporter-output>
          </reporter-output>
        </test-method> <!-- testAccessibilitySettingsUsingDataProvider -->
        <test-method status="PASS" signature="testAccessibilitySettingsValueForTitle()[pri:0, instance:com.appium.sample.apidemo.tests.APIDemoTests@5ce81285]" name="testAccessibilitySettingsValueForTitle" duration-ms="10480" started-at="2017-04-19T12:10:46Z" finished-at="2017-04-19T12:10:57Z">
          <reporter-output>
          </reporter-output>
        </test-method> <!-- testAccessibilitySettingsValueForTitle -->
        <test-method status="PASS" signature="testClickAccessibility()[pri:0, instance:com.appium.sample.apidemo.tests.APIDemoTests@5ce81285]" name="testClickAccessibility" duration-ms="7203" started-at="2017-04-19T12:10:57Z" finished-at="2017-04-19T12:11:04Z">
          <reporter-output>
          </reporter-output>
        </test-method> <!-- testClickAccessibility -->
        <test-method status="PASS" signature="testPageTitle()[pri:0, instance:com.appium.sample.apidemo.tests.APIDemoTests@5ce81285]" name="testPageTitle" duration-ms="149" started-at="2017-04-19T12:11:04Z" finished-at="2017-04-19T12:11:04Z">
          <reporter-output>
          </reporter-output>
        </test-method> <!-- testPageTitle -->
        <test-method status="PASS" signature="tearDown()[pri:0, instance:com.appium.sample.apidemo.tests.APIDemoTests@5ce81285]" name="tearDown" is-config="true" duration-ms="2175" started-at="2017-04-19T12:11:04Z" finished-at="2017-04-19T12:11:06Z">
          <reporter-output>
          </reporter-output>
        </test-method> <!-- tearDown -->
      </class> <!-- com.appium.sample.apidemo.tests.APIDemoTests -->
    </test> <!-- Default test -->
  </suite> <!-- Default suite -->
</testng-results>
