<?xml version="1.0" encoding="UTF-8"?>
<!-- Generated by org.testng.reporters.JUnitXMLReporter -->
<testsuite hostname="Rajanis-MacBook-Air.local" name="basics" tests="6" failures="1" timestamp="20 Apr 2017 20:38:17 GMT" time="53.322" errors="0">
  <testcase name="testAccessibilitySettingsUsingDataProvider" time="11.933" classname="com.appium.sample.apidemo.tests.APIDemoTests"/>
  <testcase name="testAccessibilitySettingsUsingDataProvider" time="10.054" classname="com.appium.sample.apidemo.tests.APIDemoTests"/>
  <testcase name="testAccessibilitySettingsUsingDataProvider" time="10.548" classname="com.appium.sample.apidemo.tests.APIDemoTests"/>
  <testcase name="testAccessibilitySettingsValueForTitle" time="10.572" classname="com.appium.sample.apidemo.tests.APIDemoTests"/>
  <testcase name="testClickAccessibility" time="0.0" classname="com.appium.sample.apidemo.tests.APIDemoTests">
    <failure type="java.lang.NullPointerException">
      <![CDATA[java.lang.NullPointerException
	at com.appium.sample.apidemo.tests.APIDemoTests.testClickAccessibility(APIDemoTests.java:22)
... Removed 33 stack frames]]>
    </failure>
  </testcase> <!-- testClickAccessibility -->
  <testcase name="testPageTitle" time="0.13" classname="com.appium.sample.apidemo.tests.APIDemoTests"/>
</testsuite> <!-- basics -->
